<?xml version="1.0" encoding="UTF-8"?>
<!-- Generated by org.testng.reporters.JUnitXMLReporter -->
<testsuite ignored="0" hostname="Siva" failures="1" tests="7" name="Test" time="0.081" errors="0" timestamp="2021-11-28T16:39:14 IST">
  <testcase classname="com.testng.features.My_test_demo" name="password" time="0.009">
    <skipped/>
  </testcase> <!-- password -->
  <testcase classname="com.testng.features.My_test_demo" name="password" time="0.002">
    <skipped/>
  </testcase> <!-- password -->
  <testcase classname="com.testng.features.My_test_demo" name="password" time="0.002">
    <skipped/>
  </testcase> <!-- password -->
  <testcase classname="com.testng.features.My_test_demo" name="password" time="0.002">
    <skipped/>
  </testcase> <!-- password -->
  <testcase classname="com.testng.features.My_test_demo" name="password" time="0.002">
    <skipped/>
  </testcase> <!-- password -->
  <testcase classname="com.testng.features.My_test_demo" name="password" time="0.003">
    <failure type="java.lang.AssertionError" message="expected [star] but found [starc@123]">
      <![CDATA[java.lang.AssertionError: expected [star] but found [starc@123]
at com.testng.features.My_test_demo.password(My_test_demo.java:21)
at java.base/java.util.ArrayList.forEach(ArrayList.java:1511)
... Removed 33 stack frames]]>
    </failure>
  </testcase> <!-- password -->
  <testcase classname="com.testng.features.My_test_demo" name="username" time="0.001"/>
</testsuite> <!-- Test -->
