<?xml version="1.0" encoding="UTF-8"?>
<!-- Generated by org.testng.reporters.JUnitReportReporter -->
<testsuite hostname="Siva" failures="0" tests="10" name="com.testng.automationPractice.TestNg_Automation" time="0.004" errors="1" timestamp="2021-11-25T18:59:19 IST" skipped="9">
  <testcase classname="com.testng.automationPractice.TestNg_Automation" name="url" time="0.004">
    <error message="Cannot invoke &quot;org.openqa.selenium.WebDriver.manage()&quot; because &quot;com.Mini_project_Oct_30_Maven.BaseClass.driver&quot; is null" type="java.lang.NullPointerException">
      <![CDATA[java.lang.NullPointerException: Cannot invoke "org.openqa.selenium.WebDriver.manage()" because "com.Mini_project_Oct_30_Maven.BaseClass.driver" is null
at com.Mini_project_Oct_30_Maven.BaseClass.implicitwait(BaseClass.java:104)
at com.testng.automationPractice.TestNg_Automation.url(TestNg_Automation.java:34)
at java.base/jdk.internal.reflect.NativeMethodAccessorImpl.invoke0(Native Method)
at java.base/jdk.internal.reflect.NativeMethodAccessorImpl.invoke(NativeMethodAccessorImpl.java:78)
at java.base/jdk.internal.reflect.DelegatingMethodAccessorImpl.invoke(DelegatingMethodAccessorImpl.java:43)
at java.base/java.lang.reflect.Method.invoke(Method.java:567)
at org.testng.internal.MethodInvocationHelper.invokeMethod(MethodInvocationHelper.java:133)
at org.testng.internal.MethodInvocationHelper.invokeMethodConsideringTimeout(MethodInvocationHelper.java:62)
at org.testng.internal.ConfigInvoker.invokeConfigurationMethod(ConfigInvoker.java:385)
at org.testng.internal.ConfigInvoker.invokeConfigurations(ConfigInvoker.java:321)
at org.testng.internal.TestInvoker.runConfigMethods(TestInvoker.java:700)
at org.testng.internal.TestInvoker.invokeMethod(TestInvoker.java:527)
at org.testng.internal.TestInvoker.invokeTestMethod(TestInvoker.java:173)
at org.testng.internal.MethodRunner.runInSequence(MethodRunner.java:46)
at org.testng.internal.TestInvoker$MethodInvocationAgent.invoke(TestInvoker.java:824)
at org.testng.internal.TestInvoker.invokeTestMethods(TestInvoker.java:146)
at org.testng.internal.TestMethodWorker.invokeTestMethods(TestMethodWorker.java:146)
at org.testng.internal.TestMethodWorker.run(TestMethodWorker.java:128)
at java.base/java.util.ArrayList.forEach(ArrayList.java:1511)
at org.testng.TestRunner.privateRun(TestRunner.java:794)
at org.testng.TestRunner.run(TestRunner.java:596)
at org.testng.SuiteRunner.runTest(SuiteRunner.java:377)
at org.testng.SuiteRunner.runSequentially(SuiteRunner.java:371)
at org.testng.SuiteRunner.privateRun(SuiteRunner.java:332)
at org.testng.SuiteRunner.run(SuiteRunner.java:276)
at org.testng.SuiteRunnerWorker.runSuite(SuiteRunnerWorker.java:53)
at org.testng.SuiteRunnerWorker.run(SuiteRunnerWorker.java:96)
at org.testng.TestNG.runSuitesSequentially(TestNG.java:1212)
at org.testng.TestNG.runSuitesLocally(TestNG.java:1134)
at org.testng.TestNG.runSuites(TestNG.java:1063)
at org.testng.TestNG.run(TestNG.java:1031)
at org.testng.remote.AbstractRemoteTestNG.run(AbstractRemoteTestNG.java:115)
at org.testng.remote.RemoteTestNG.initAndRun(RemoteTestNG.java:251)
at org.testng.remote.RemoteTestNG.main(RemoteTestNG.java:77)
]]>
    </error>
  </testcase> <!-- url -->
  <system-out/>
  <testcase classname="com.testng.automationPractice.TestNg_Automation" name="log4j" time="0.000">
    <skipped/>
  </testcase> <!-- log4j -->
  <system-out/>
  <testcase classname="com.testng.automationPractice.TestNg_Automation" name="login_page" time="0.000">
    <skipped/>
  </testcase> <!-- login_page -->
  <system-out/>
  <testcase classname="com.testng.automationPractice.TestNg_Automation" name="tshirtPage" time="0.000">
    <skipped/>
  </testcase> <!-- tshirtPage -->
  <system-out/>
  <testcase classname="com.testng.automationPractice.TestNg_Automation" name="moreAboutDressPage" time="0.000">
    <skipped/>
  </testcase> <!-- moreAboutDressPage -->
  <system-out/>
  <testcase classname="com.testng.automationPractice.TestNg_Automation" name="proceedToCheckOut1" time="0.000">
    <skipped/>
  </testcase> <!-- proceedToCheckOut1 -->
  <system-out/>
  <testcase classname="com.testng.automationPractice.TestNg_Automation" name="summary_page" time="0.000">
    <skipped/>
  </testcase> <!-- summary_page -->
  <system-out/>
  <testcase classname="com.testng.automationPractice.TestNg_Automation" name="addressPage" time="0.000">
    <skipped/>
  </testcase> <!-- addressPage -->
  <system-out/>
  <testcase classname="com.testng.automationPractice.TestNg_Automation" name="shipping_page" time="0.000">
    <skipped/>
  </testcase> <!-- shipping_page -->
  <system-out/>
  <testcase classname="com.testng.automationPractice.TestNg_Automation" name="confirm_order_page" time="0.000">
    <skipped/>
  </testcase> <!-- confirm_order_page -->
  <system-out/>
</testsuite> <!-- com.testng.automationPractice.TestNg_Automation -->
